2023-03-21T16:25:47.025+05:30  INFO 16792 --- [restartedMain] c.shopme.admin.ShopmeBackEndApplication  : Starting ShopmeBackEndApplication using Java 17.0.6 with PID 16792 (F:\Java\eclipse-workspace\Shopme\ShopmeWebParent\ShopmeBackEnd\target\classes started by lenovo_ in F:\Java\eclipse-workspace\Shopme)
2023-03-21T16:25:47.031+05:30  INFO 16792 --- [restartedMain] c.shopme.admin.ShopmeBackEndApplication  : No active profile set, falling back to 1 default profile: "default"
2023-03-21T16:25:47.195+05:30  INFO 16792 --- [restartedMain] .e.DevToolsPropertyDefaultsPostProcessor : Devtools property defaults active! Set 'spring.devtools.add-properties' to 'false' to disable
2023-03-21T16:25:47.196+05:30  INFO 16792 --- [restartedMain] .e.DevToolsPropertyDefaultsPostProcessor : For additional web related logging consider setting the 'logging.level.web' property to 'DEBUG'
2023-03-21T16:25:49.690+05:30  INFO 16792 --- [restartedMain] .s.d.r.c.RepositoryConfigurationDelegate : Bootstrapping Spring Data JPA repositories in DEFAULT mode.
2023-03-21T16:25:49.901+05:30  INFO 16792 --- [restartedMain] .s.d.r.c.RepositoryConfigurationDelegate : Finished Spring Data repository scanning in 185 ms. Found 2 JPA repository interfaces.
2023-03-21T16:25:51.436+05:30  INFO 16792 --- [restartedMain] o.s.b.w.embedded.tomcat.TomcatWebServer  : Tomcat initialized with port(s): 8080 (http)
2023-03-21T16:25:51.465+05:30  INFO 16792 --- [restartedMain] o.apache.catalina.core.StandardService   : Starting service [Tomcat]
2023-03-21T16:25:51.467+05:30  INFO 16792 --- [restartedMain] o.apache.catalina.core.StandardEngine    : Starting Servlet engine: [Apache Tomcat/10.1.4]
2023-03-21T16:25:51.708+05:30  INFO 16792 --- [restartedMain] o.a.c.c.C.[.[localhost].[/ShopmeAdmin]   : Initializing Spring embedded WebApplicationContext
2023-03-21T16:25:51.711+05:30  INFO 16792 --- [restartedMain] w.s.c.ServletWebServerApplicationContext : Root WebApplicationContext: initialization completed in 4511 ms
2023-03-21T16:25:52.335+05:30  INFO 16792 --- [restartedMain] o.hibernate.jpa.internal.util.LogHelper  : HHH000204: Processing PersistenceUnitInfo [name: default]
2023-03-21T16:25:52.503+05:30  INFO 16792 --- [restartedMain] org.hibernate.Version                    : HHH000412: Hibernate ORM core version 6.1.6.Final
2023-03-21T16:25:53.547+05:30  WARN 16792 --- [restartedMain] org.hibernate.orm.deprecation            : HHH90000021: Encountered deprecated setting [javax.persistence.sharedCache.mode], use [jakarta.persistence.sharedCache.mode] instead
2023-03-21T16:25:54.316+05:30  INFO 16792 --- [restartedMain] com.zaxxer.hikari.HikariDataSource       : HikariPool-1 - Starting...
2023-03-21T16:25:55.432+05:30  INFO 16792 --- [restartedMain] com.zaxxer.hikari.pool.HikariPool        : HikariPool-1 - Added connection com.mysql.cj.jdbc.ConnectionImpl@34a15eb8
2023-03-21T16:25:55.439+05:30  INFO 16792 --- [restartedMain] com.zaxxer.hikari.HikariDataSource       : HikariPool-1 - Start completed.
2023-03-21T16:25:55.679+05:30  INFO 16792 --- [restartedMain] SQL dialect                              : HHH000400: Using dialect: org.hibernate.dialect.MySQLDialect
2023-03-21T16:25:58.223+05:30  INFO 16792 --- [restartedMain] o.h.e.t.j.p.i.JtaPlatformInitiator       : HHH000490: Using JtaPlatform implementation: [org.hibernate.engine.transaction.jta.platform.internal.NoJtaPlatform]
2023-03-21T16:25:58.247+05:30  INFO 16792 --- [restartedMain] j.LocalContainerEntityManagerFactoryBean : Initialized JPA EntityManagerFactory for persistence unit 'default'
2023-03-21T16:26:00.524+05:30  WARN 16792 --- [restartedMain] JpaBaseConfiguration$JpaWebConfiguration : spring.jpa.open-in-view is enabled by default. Therefore, database queries may be performed during view rendering. Explicitly configure spring.jpa.open-in-view to disable this warning
2023-03-21T16:26:01.176+05:30  INFO 16792 --- [restartedMain] o.s.b.a.w.s.WelcomePageHandlerMapping    : Adding welcome page template: index
2023-03-21T16:26:04.631+05:30  INFO 16792 --- [restartedMain] o.s.b.a.e.web.EndpointLinksResolver      : Exposing 1 endpoint(s) beneath base path '/actuator'
2023-03-21T16:26:04.872+05:30  INFO 16792 --- [restartedMain] o.s.s.web.DefaultSecurityFilterChain     : Will secure any request with [org.springframework.security.web.session.DisableEncodeUrlFilter@3356211b, org.springframework.security.web.context.request.async.WebAsyncManagerIntegrationFilter@1f68feae, org.springframework.security.web.context.SecurityContextHolderFilter@134e0aa, org.springframework.security.web.header.HeaderWriterFilter@3cfe9596, org.springframework.security.web.csrf.CsrfFilter@4ed0aa6a, org.springframework.security.web.authentication.logout.LogoutFilter@46b6b92d, org.springframework.security.web.authentication.UsernamePasswordAuthenticationFilter@475bb196, org.springframework.security.web.savedrequest.RequestCacheAwareFilter@20a6c4e5, org.springframework.security.web.servletapi.SecurityContextHolderAwareRequestFilter@38a68cc5, org.springframework.security.web.authentication.rememberme.RememberMeAuthenticationFilter@4103267a, org.springframework.security.web.authentication.AnonymousAuthenticationFilter@47802bcf, org.springframework.security.web.access.ExceptionTranslationFilter@46a785bb, org.springframework.security.web.access.intercept.AuthorizationFilter@619c52c2]
2023-03-21T16:26:05.589+05:30  INFO 16792 --- [restartedMain] o.s.b.d.a.OptionalLiveReloadServer       : LiveReload server is running on port 35729
2023-03-21T16:26:05.766+05:30  INFO 16792 --- [restartedMain] o.s.b.w.embedded.tomcat.TomcatWebServer  : Tomcat started on port(s): 8080 (http) with context path '/ShopmeAdmin'
2023-03-21T16:26:05.806+05:30  INFO 16792 --- [restartedMain] c.shopme.admin.ShopmeBackEndApplication  : Started ShopmeBackEndApplication in 19.852 seconds (process running for 23.253)
2023-03-21T16:26:06.416+05:30  INFO 16792 --- [RMI TCP Connection(3)-127.0.0.1] o.a.c.c.C.[.[localhost].[/ShopmeAdmin]   : Initializing Spring DispatcherServlet 'dispatcherServlet'
2023-03-21T16:26:06.418+05:30  INFO 16792 --- [RMI TCP Connection(3)-127.0.0.1] o.s.web.servlet.DispatcherServlet        : Initializing Servlet 'dispatcherServlet'
2023-03-21T16:26:06.427+05:30  INFO 16792 --- [RMI TCP Connection(3)-127.0.0.1] o.s.web.servlet.DispatcherServlet        : Completed initialization in 8 ms
2023-03-21T16:52:53.622+05:30  WARN 16792 --- [HikariPool-1 housekeeper] com.zaxxer.hikari.pool.HikariPool        : HikariPool-1 - Thread starvation or clock leap detected (housekeeper delta=10m57s853ms993µs800ns).
2023-03-21T16:56:15.974+05:30  INFO 16792 --- [File Watcher] rtingClassPathChangeChangedEventListener : Restarting due to 1 class path change (0 additions, 0 deletions, 1 modification)
2023-03-21T16:56:16.027+05:30  INFO 16792 --- [Thread-5] o.apache.catalina.core.StandardService   : Stopping service [Tomcat]
2023-03-21T16:56:16.031+05:30  INFO 16792 --- [Thread-5] o.a.c.c.C.[.[localhost].[/ShopmeAdmin]   : Destroying Spring FrameworkServlet 'dispatcherServlet'
2023-03-21T16:56:16.057+05:30  INFO 16792 --- [Thread-5] j.LocalContainerEntityManagerFactoryBean : Closing JPA EntityManagerFactory for persistence unit 'default'
2023-03-21T16:56:16.076+05:30  INFO 16792 --- [Thread-5] com.zaxxer.hikari.HikariDataSource       : HikariPool-1 - Shutdown initiated...
2023-03-21T16:56:16.117+05:30  INFO 16792 --- [Thread-5] com.zaxxer.hikari.HikariDataSource       : HikariPool-1 - Shutdown completed.
2023-03-21T16:57:14.174+05:30  INFO 8132 --- [restartedMain] c.shopme.admin.ShopmeBackEndApplication  : Starting ShopmeBackEndApplication using Java 17.0.6 with PID 8132 (F:\Java\eclipse-workspace\Shopme\ShopmeWebParent\ShopmeBackEnd\target\classes started by lenovo_ in F:\Java\eclipse-workspace\Shopme)
2023-03-21T16:57:14.175+05:30  INFO 8132 --- [restartedMain] c.shopme.admin.ShopmeBackEndApplication  : No active profile set, falling back to 1 default profile: "default"
2023-03-21T16:57:15.237+05:30  INFO 8132 --- [restartedMain] .s.d.r.c.RepositoryConfigurationDelegate : Bootstrapping Spring Data JPA repositories in DEFAULT mode.
2023-03-21T16:57:15.287+05:30  INFO 8132 --- [restartedMain] .s.d.r.c.RepositoryConfigurationDelegate : Finished Spring Data repository scanning in 48 ms. Found 2 JPA repository interfaces.
2023-03-21T16:57:15.786+05:30  INFO 8132 --- [restartedMain] o.s.b.w.embedded.tomcat.TomcatWebServer  : Tomcat initialized with port(s): 8080 (http)
2023-03-21T16:57:15.789+05:30  INFO 8132 --- [restartedMain] o.apache.catalina.core.StandardService   : Starting service [Tomcat]
2023-03-21T16:57:15.801+05:30  INFO 8132 --- [restartedMain] o.apache.catalina.core.StandardEngine    : Starting Servlet engine: [Apache Tomcat/10.1.4]
2023-03-21T16:57:16.355+05:30  INFO 8132 --- [restartedMain] o.a.c.c.C.[.[localhost].[/ShopmeAdmin]   : Initializing Spring embedded WebApplicationContext
2023-03-21T16:57:16.425+05:30  INFO 8132 --- [restartedMain] w.s.c.ServletWebServerApplicationContext : Root WebApplicationContext: initialization completed in 2243 ms
2023-03-21T16:57:16.782+05:30  INFO 8132 --- [restartedMain] o.hibernate.jpa.internal.util.LogHelper  : HHH000204: Processing PersistenceUnitInfo [name: default]
2023-03-21T16:57:16.892+05:30  WARN 8132 --- [restartedMain] org.hibernate.orm.deprecation            : HHH90000021: Encountered deprecated setting [javax.persistence.sharedCache.mode], use [jakarta.persistence.sharedCache.mode] instead
2023-03-21T16:57:16.905+05:30  INFO 8132 --- [restartedMain] com.zaxxer.hikari.HikariDataSource       : HikariPool-2 - Starting...
2023-03-21T16:57:16.963+05:30  INFO 8132 --- [restartedMain] com.zaxxer.hikari.pool.HikariPool        : HikariPool-2 - Added connection com.mysql.cj.jdbc.ConnectionImpl@5c28c1e2
2023-03-21T16:57:16.964+05:30  INFO 8132 --- [restartedMain] com.zaxxer.hikari.HikariDataSource       : HikariPool-2 - Start completed.
2023-03-21T16:57:16.967+05:30  INFO 8132 --- [restartedMain] SQL dialect                              : HHH000400: Using dialect: org.hibernate.dialect.MySQLDialect
2023-03-21T16:57:17.210+05:30  INFO 8132 --- [restartedMain] o.h.e.t.j.p.i.JtaPlatformInitiator       : HHH000490: Using JtaPlatform implementation: [org.hibernate.engine.transaction.jta.platform.internal.NoJtaPlatform]
2023-03-21T16:57:17.235+05:30  INFO 8132 --- [restartedMain] j.LocalContainerEntityManagerFactoryBean : Initialized JPA EntityManagerFactory for persistence unit 'default'
2023-03-21T16:57:18.115+05:30  WARN 8132 --- [restartedMain] JpaBaseConfiguration$JpaWebConfiguration : spring.jpa.open-in-view is enabled by default. Therefore, database queries may be performed during view rendering. Explicitly configure spring.jpa.open-in-view to disable this warning
2023-03-21T16:57:18.245+05:30  INFO 8132 --- [restartedMain] o.s.b.a.w.s.WelcomePageHandlerMapping    : Adding welcome page template: index
2023-03-21T16:57:19.664+05:30  INFO 8132 --- [restartedMain] o.s.b.a.e.web.EndpointLinksResolver      : Exposing 1 endpoint(s) beneath base path '/actuator'
2023-03-21T16:57:20.033+05:30  INFO 8132 --- [restartedMain] o.s.s.web.DefaultSecurityFilterChain     : Will secure any request with [org.springframework.security.web.session.DisableEncodeUrlFilter@f143450, org.springframework.security.web.context.request.async.WebAsyncManagerIntegrationFilter@17b93402, org.springframework.security.web.context.SecurityContextHolderFilter@3d1b346b, org.springframework.security.web.header.HeaderWriterFilter@5af917da, org.springframework.security.web.csrf.CsrfFilter@6be2748e, org.springframework.security.web.authentication.logout.LogoutFilter@3b1cd1c7, org.springframework.security.web.authentication.UsernamePasswordAuthenticationFilter@6bfbfd70, org.springframework.security.web.savedrequest.RequestCacheAwareFilter@45256142, org.springframework.security.web.servletapi.SecurityContextHolderAwareRequestFilter@4d159787, org.springframework.security.web.authentication.rememberme.RememberMeAuthenticationFilter@36b49b21, org.springframework.security.web.authentication.AnonymousAuthenticationFilter@239d5bf8, org.springframework.security.web.access.ExceptionTranslationFilter@634d6eb7, org.springframework.security.web.access.intercept.AuthorizationFilter@34159404]
2023-03-21T16:57:20.433+05:30  INFO 8132 --- [restartedMain] o.s.b.d.a.OptionalLiveReloadServer       : LiveReload server is running on port 35729
2023-03-21T16:57:20.668+05:30  INFO 8132 --- [restartedMain] o.s.b.w.embedded.tomcat.TomcatWebServer  : Tomcat started on port(s): 8080 (http) with context path '/ShopmeAdmin'
2023-03-21T16:57:20.698+05:30  INFO 8132 --- [restartedMain] c.shopme.admin.ShopmeBackEndApplication  : Started ShopmeBackEndApplication in 6.88 seconds (process running for 43.629)
2023-03-21T16:57:20.722+05:30  INFO 8132 --- [restartedMain] .ConditionEvaluationDeltaLoggingListener : Condition evaluation delta:


==========================
CONDITION EVALUATION DELTA
==========================


Positive matches:
-----------------

   LogFileWebEndpointAutoConfiguration#logFileWebEndpoint matched:
      - Log File found logging.file.name Shopme-backend.log (LogFileWebEndpointAutoConfiguration.LogFileCondition)
      - @ConditionalOnMissingBean (types: org.springframework.boot.actuate.logging.LogFileWebEndpoint; SearchStrategy: all) did not find any beans (OnBeanCondition)


Negative matches:
-----------------

    None


Exclusions:
-----------

    None


Unconditional classes:
----------------------

    None



2023-03-21T16:57:26.055+05:30  INFO 8132 --- [File Watcher] rtingClassPathChangeChangedEventListener : Restarting due to 1 class path change (0 additions, 0 deletions, 1 modification)
2023-03-21T16:57:26.118+05:30  INFO 8132 --- [Thread-7] o.apache.catalina.core.StandardService   : Stopping service [Tomcat]
2023-03-21T16:57:26.133+05:30  INFO 8132 --- [Thread-7] j.LocalContainerEntityManagerFactoryBean : Closing JPA EntityManagerFactory for persistence unit 'default'
2023-03-21T16:57:26.135+05:30  INFO 8132 --- [Thread-7] com.zaxxer.hikari.HikariDataSource       : HikariPool-2 - Shutdown initiated...
2023-03-21T16:57:26.168+05:30  INFO 8132 --- [Thread-7] com.zaxxer.hikari.HikariDataSource       : HikariPool-2 - Shutdown completed.
